libgvfscommon.so: cannot open shared object file: No such file or directory
Failed to load module: /home/hossein/snap/skype/common/.cache/gio-modules/libgvfsdbus.so
libgvfscommon.so: cannot open shared object file: No such file or directory
Failed to load module: /home/hossein/snap/skype/common/.cache/gio-modules/libgioremote-volume-monitor.so
(electron) 'setZoomLevel function' is deprecated and will be removed. Please use 'zoomLevel property' instead.
(electron) 'getZoomLevel function' is deprecated and will be removed. Please use 'zoomLevel property' instead.
Error occurred in handler for 'keychain:get-password': Error: No stored credentials fetched from keytar.
    at /snap/skype/139/usr/share/skypeforlinux/resources/app.asar/login/KeychainStore.js:28:39
    at async electron/js2c/browser_init.js:1166:30
ioctl failed for wlan0, errno = 19 (No such device)
ioctl failed for wlp2s0, errno = 19 (No such device)
ioctl failed for wlan0, errno = 19 (No such device)
ioctl failed for wlp2s0, errno = 19 (No such device)
ioctl failed for wlan0, errno = 19 (No such device)
ioctl failed for wlp2s0, errno = 19 (No such device)
Fontconfig warning: "/etc/fonts/conf.avail/53-monospace-lcd-filter.conf", line 10: Having multiple values in <test> isn't supported and may not work as expected
Server response: 
Server response: 
ioctl failed for wlan0, errno = 19 (No such device)
ioctl failed for wlp2s0, errno = 19 (No such device)
ioctl failed for wlan0, errno = 19 (No such device)
ioctl failed for wlp2s0, errno = 19 (No such device)
ioctl failed for wlan0, errno = 19 (No such device)
ioctl failed for wlp2s0, errno = 19 (No such device)
libgvfscommon.so: cannot open shared object file: No such file or directory
Failed to load module: /home/hossein/snap/skype/common/.cache/gio-modules/libgvfsdbus.so
libgvfscommon.so: cannot open shared object file: No such file or directory
Failed to load module: /home/hossein/snap/skype/common/.cache/gio-modules/libgioremote-volume-monitor.so
libgvfscommon.so: cannot open shared object file: No such file or directory
Failed to load module: /home/hossein/snap/skype/common/.cache/gio-modules/libgvfsdbus.so
libgvfscommon.so: cannot open shared object file: No such file or directory
Failed to load module: /home/hossein/snap/skype/common/.cache/gio-modules/libgioremote-volume-monitor.so

(file-roller:4762): Gtk-CRITICAL **: 19:36:35.042: gtk_widget_event: assertion 'WIDGET_REALIZED_FOR_EVENT (widget, event)' failed

(file-roller:4762): Gtk-CRITICAL **: 19:36:35.042: gtk_widget_event: assertion 'WIDGET_REALIZED_FOR_EVENT (widget, event)' failed

(file-roller:4762): Gtk-CRITICAL **: 19:36:35.151: gtk_widget_event: assertion 'WIDGET_REALIZED_FOR_EVENT (widget, event)' failed
libgvfscommon.so: cannot open shared object file: No such file or directory
Failed to load module: /home/hossein/snap/skype/common/.cache/gio-modules/libgvfsdbus.so
libgvfscommon.so: cannot open shared object file: No such file or directory
Failed to load module: /home/hossein/snap/skype/common/.cache/gio-modules/libgioremote-volume-monitor.so
